<?xml version="1.0" encoding="UTF-8"?>
<coverage generated="1747832194819" clover="3.2.0">
  <project timestamp="1747832194820" name="All files">
    <metrics statements="77" coveredstatements="77" conditionals="22" coveredconditionals="18" methods="10" coveredmethods="10" elements="109" coveredelements="105" complexity="0" loc="77" ncloc="77" packages="1" files="2" classes="2"/>
    <file name="login.js" path="/Users/academy/Desktop/project-sharewise/Client/login.js">
      <metrics statements="44" coveredstatements="44" conditionals="10" coveredconditionals="8" methods="5" coveredmethods="5"/>
      <line num="1" count="1" type="stmt"/>
      <line num="2" count="7" type="stmt"/>
      <line num="3" count="7" type="stmt"/>
      <line num="4" count="7" type="stmt"/>
      <line num="7" count="7" type="stmt"/>
      <line num="8" count="14" type="stmt"/>
      <line num="9" count="2" type="cond" truecount="2" falsecount="0"/>
      <line num="10" count="1" type="stmt"/>
      <line num="11" count="1" type="stmt"/>
      <line num="13" count="1" type="stmt"/>
      <line num="14" count="1" type="stmt"/>
      <line num="20" count="7" type="stmt"/>
      <line num="21" count="3" type="stmt"/>
      <line num="22" count="3" type="stmt"/>
      <line num="23" count="3" type="stmt"/>
      <line num="25" count="3" type="stmt"/>
      <line num="26" count="3" type="stmt"/>
      <line num="32" count="2" type="stmt"/>
      <line num="33" count="2" type="cond" truecount="2" falsecount="0"/>
      <line num="34" count="1" type="stmt"/>
      <line num="35" count="1" type="stmt"/>
      <line num="36" count="1" type="stmt"/>
      <line num="37" count="1" type="stmt"/>
      <line num="39" count="1" type="stmt"/>
      <line num="40" count="1" type="stmt"/>
      <line num="42" count="1" type="cond" truecount="1" falsecount="1"/>
      <line num="45" count="1" type="stmt"/>
      <line num="50" count="7" type="stmt"/>
      <line num="51" count="3" type="stmt"/>
      <line num="52" count="3" type="stmt"/>
      <line num="53" count="3" type="stmt"/>
      <line num="55" count="3" type="stmt"/>
      <line num="56" count="3" type="stmt"/>
      <line num="62" count="2" type="stmt"/>
      <line num="63" count="2" type="cond" truecount="2" falsecount="0"/>
      <line num="64" count="1" type="stmt"/>
      <line num="65" count="1" type="stmt"/>
      <line num="66" count="1" type="stmt"/>
      <line num="67" count="1" type="stmt"/>
      <line num="68" count="1" type="stmt"/>
      <line num="70" count="1" type="stmt"/>
      <line num="71" count="1" type="stmt"/>
      <line num="73" count="1" type="cond" truecount="1" falsecount="1"/>
      <line num="76" count="1" type="stmt"/>
    </file>
    <file name="register.js" path="/Users/academy/Desktop/project-sharewise/Client/register.js">
      <metrics statements="33" coveredstatements="33" conditionals="12" coveredconditionals="10" methods="5" coveredmethods="5"/>
      <line num="1" count="6" type="stmt"/>
      <line num="2" count="21" type="stmt"/>
      <line num="3" count="21" type="stmt"/>
      <line num="4" count="21" type="stmt"/>
      <line num="7" count="21" type="stmt"/>
      <line num="8" count="21" type="stmt"/>
      <line num="11" count="21" type="stmt"/>
      <line num="12" count="42" type="stmt"/>
      <line num="13" count="14" type="stmt"/>
      <line num="14" count="14" type="cond" truecount="2" falsecount="0"/>
      <line num="15" count="14" type="cond" truecount="2" falsecount="0"/>
      <line num="20" count="21" type="stmt"/>
      <line num="21" count="8" type="stmt"/>
      <line num="23" count="8" type="stmt"/>
      <line num="30" count="8" type="stmt"/>
      <line num="31" count="8" type="stmt"/>
      <line num="37" count="8" type="stmt"/>
      <line num="39" count="8" type="cond" truecount="2" falsecount="0"/>
      <line num="40" count="5" type="cond" truecount="1" falsecount="1"/>
      <line num="43" count="3" type="stmt"/>
      <line num="44" count="3" type="stmt"/>
      <line num="46" count="5" type="stmt"/>
      <line num="51" count="21" type="stmt"/>
      <line num="52" count="10" type="stmt"/>
      <line num="54" count="10" type="stmt"/>
      <line num="61" count="10" type="stmt"/>
      <line num="62" count="10" type="stmt"/>
      <line num="68" count="10" type="stmt"/>
      <line num="70" count="10" type="cond" truecount="2" falsecount="0"/>
      <line num="71" count="6" type="cond" truecount="1" falsecount="1"/>
      <line num="74" count="4" type="stmt"/>
      <line num="75" count="4" type="stmt"/>
      <line num="77" count="6" type="stmt"/>
    </file>
  </project>
</coverage>
