{"/Users/academy/Desktop/project-sharewise/Client/login.js": {"path":"/Users/academy/Desktop/project-sharewise/Client/login.js","statementMap":{"0":{"start":{"line":1,"column":0},"end":{"line":79,"column":3}},"1":{"start":{"line":2,"column":21},"end":{"line":2,"column":59}},"2":{"start":{"line":3,"column":20},"end":{"line":3,"column":57}},"3":{"start":{"line":4,"column":24},"end":{"line":4,"column":74}},"4":{"start":{"line":7,"column":2},"end":{"line":17,"column":5}},"5":{"start":{"line":8,"column":4},"end":{"line":16,"column":7}},"6":{"start":{"line":9,"column":6},"end":{"line":15,"column":7}},"7":{"start":{"line":10,"column":8},"end":{"line":10,"column":43}},"8":{"start":{"line":11,"column":8},"end":{"line":11,"column":41}},"9":{"start":{"line":13,"column":8},"end":{"line":13,"column":42}},"10":{"start":{"line":14,"column":8},"end":{"line":14,"column":42}},"11":{"start":{"line":20,"column":2},"end":{"line":47,"column":5}},"12":{"start":{"line":21,"column":4},"end":{"line":21,"column":23}},"13":{"start":{"line":22,"column":23},"end":{"line":22,"column":67}},"14":{"start":{"line":23,"column":21},"end":{"line":23,"column":69}},"15":{"start":{"line":25,"column":4},"end":{"line":46,"column":5}},"16":{"start":{"line":26,"column":18},"end":{"line":30,"column":8}},"17":{"start":{"line":32,"column":19},"end":{"line":32,"column":35}},"18":{"start":{"line":33,"column":6},"end":{"line":43,"column":7}},"19":{"start":{"line":34,"column":8},"end":{"line":34,"column":50}},"20":{"start":{"line":35,"column":8},"end":{"line":35,"column":62}},"21":{"start":{"line":36,"column":8},"end":{"line":36,"column":50}},"22":{"start":{"line":37,"column":8},"end":{"line":37,"column":68}},"23":{"start":{"line":39,"column":8},"end":{"line":39,"column":42}},"24":{"start":{"line":40,"column":8},"end":{"line":40,"column":49}},"25":{"start":{"line":42,"column":8},"end":{"line":42,"column":52}},"26":{"start":{"line":45,"column":6},"end":{"line":45,"column":43}},"27":{"start":{"line":50,"column":2},"end":{"line":78,"column":5}},"28":{"start":{"line":51,"column":4},"end":{"line":51,"column":23}},"29":{"start":{"line":52,"column":22},"end":{"line":52,"column":65}},"30":{"start":{"line":53,"column":21},"end":{"line":53,"column":68}},"31":{"start":{"line":55,"column":4},"end":{"line":77,"column":5}},"32":{"start":{"line":56,"column":18},"end":{"line":60,"column":8}},"33":{"start":{"line":62,"column":19},"end":{"line":62,"column":35}},"34":{"start":{"line":63,"column":6},"end":{"line":74,"column":7}},"35":{"start":{"line":64,"column":8},"end":{"line":64,"column":50}},"36":{"start":{"line":65,"column":8},"end":{"line":65,"column":60}},"37":{"start":{"line":66,"column":8},"end":{"line":66,"column":56}},"38":{"start":{"line":67,"column":8},"end":{"line":67,"column":50}},"39":{"start":{"line":68,"column":8},"end":{"line":68,"column":66}},"40":{"start":{"line":70,"column":8},"end":{"line":70,"column":41}},"41":{"start":{"line":71,"column":8},"end":{"line":71,"column":48}},"42":{"start":{"line":73,"column":8},"end":{"line":73,"column":51}},"43":{"start":{"line":76,"column":6},"end":{"line":76,"column":42}}},"fnMap":{"0":{"name":"(anonymous_0)","decl":{"start":{"line":1,"column":46},"end":{"line":1,"column":47}},"loc":{"start":{"line":1,"column":52},"end":{"line":79,"column":1}},"line":1},"1":{"name":"(anonymous_1)","decl":{"start":{"line":7,"column":24},"end":{"line":7,"column":25}},"loc":{"start":{"line":7,"column":35},"end":{"line":17,"column":3}},"line":7},"2":{"name":"(anonymous_2)","decl":{"start":{"line":8,"column":37},"end":{"line":8,"column":38}},"loc":{"start":{"line":8,"column":43},"end":{"line":16,"column":5}},"line":8},"3":{"name":"(anonymous_3)","decl":{"start":{"line":20,"column":40},"end":{"line":20,"column":41}},"loc":{"start":{"line":20,"column":53},"end":{"line":47,"column":3}},"line":20},"4":{"name":"(anonymous_4)","decl":{"start":{"line":50,"column":39},"end":{"line":50,"column":40}},"loc":{"start":{"line":50,"column":52},"end":{"line":78,"column":3}},"line":50}},"branchMap":{"0":{"loc":{"start":{"line":9,"column":6},"end":{"line":15,"column":7}},"type":"if","locations":[{"start":{"line":9,"column":6},"end":{"line":15,"column":7}},{"start":{"line":12,"column":13},"end":{"line":15,"column":7}}],"line":9},"1":{"loc":{"start":{"line":33,"column":6},"end":{"line":43,"column":7}},"type":"if","locations":[{"start":{"line":33,"column":6},"end":{"line":43,"column":7}},{"start":{"line":41,"column":13},"end":{"line":43,"column":7}}],"line":33},"2":{"loc":{"start":{"line":42,"column":14},"end":{"line":42,"column":50}},"type":"binary-expr","locations":[{"start":{"line":42,"column":14},"end":{"line":42,"column":24}},{"start":{"line":42,"column":28},"end":{"line":42,"column":50}}],"line":42},"3":{"loc":{"start":{"line":63,"column":6},"end":{"line":74,"column":7}},"type":"if","locations":[{"start":{"line":63,"column":6},"end":{"line":74,"column":7}},{"start":{"line":72,"column":13},"end":{"line":74,"column":7}}],"line":63},"4":{"loc":{"start":{"line":73,"column":14},"end":{"line":73,"column":49}},"type":"binary-expr","locations":[{"start":{"line":73,"column":14},"end":{"line":73,"column":24}},{"start":{"line":73,"column":28},"end":{"line":73,"column":49}}],"line":73}},"s":{"0":1,"1":7,"2":7,"3":7,"4":7,"5":14,"6":2,"7":1,"8":1,"9":1,"10":1,"11":7,"12":3,"13":3,"14":3,"15":3,"16":3,"17":2,"18":2,"19":1,"20":1,"21":1,"22":1,"23":1,"24":1,"25":1,"26":1,"27":7,"28":3,"29":3,"30":3,"31":3,"32":3,"33":2,"34":2,"35":1,"36":1,"37":1,"38":1,"39":1,"40":1,"41":1,"42":1,"43":1},"f":{"0":7,"1":14,"2":2,"3":3,"4":3},"b":{"0":[1,1],"1":[1,1],"2":[1,0],"3":[1,1],"4":[1,0]},"_coverageSchema":"1a1c01bbd47fc00a2c39e90264f33305004495a9","hash":"01b17243a74271d372fe1cabcc3c6e447be56713"}
,"/Users/academy/Desktop/project-sharewise/Client/register.js": {"path":"/Users/academy/Desktop/project-sharewise/Client/register.js","statementMap":{"0":{"start":{"line":1,"column":0},"end":{"line":80,"column":5}},"1":{"start":{"line":2,"column":23},"end":{"line":2,"column":61}},"2":{"start":{"line":3,"column":22},"end":{"line":3,"column":59}},"3":{"start":{"line":4,"column":26},"end":{"line":4,"column":76}},"4":{"start":{"line":7,"column":4},"end":{"line":7,"column":39}},"5":{"start":{"line":8,"column":4},"end":{"line":8,"column":37}},"6":{"start":{"line":11,"column":4},"end":{"line":17,"column":7}},"7":{"start":{"line":12,"column":6},"end":{"line":16,"column":9}},"8":{"start":{"line":13,"column":25},"end":{"line":13,"column":36}},"9":{"start":{"line":14,"column":8},"end":{"line":14,"column":76}},"10":{"start":{"line":15,"column":8},"end":{"line":15,"column":74}},"11":{"start":{"line":20,"column":4},"end":{"line":48,"column":7}},"12":{"start":{"line":21,"column":6},"end":{"line":21,"column":25}},"13":{"start":{"line":23,"column":23},"end":{"line":28,"column":7}},"14":{"start":{"line":30,"column":6},"end":{"line":47,"column":7}},"15":{"start":{"line":31,"column":20},"end":{"line":35,"column":10}},"16":{"start":{"line":37,"column":21},"end":{"line":37,"column":37}},"17":{"start":{"line":39,"column":8},"end":{"line":41,"column":9}},"18":{"start":{"line":40,"column":10},"end":{"line":40,"column":71}},"19":{"start":{"line":43,"column":8},"end":{"line":43,"column":73}},"20":{"start":{"line":44,"column":8},"end":{"line":44,"column":49}},"21":{"start":{"line":46,"column":8},"end":{"line":46,"column":39}},"22":{"start":{"line":51,"column":4},"end":{"line":79,"column":7}},"23":{"start":{"line":52,"column":6},"end":{"line":52,"column":25}},"24":{"start":{"line":54,"column":23},"end":{"line":59,"column":7}},"25":{"start":{"line":61,"column":6},"end":{"line":78,"column":7}},"26":{"start":{"line":62,"column":20},"end":{"line":66,"column":10}},"27":{"start":{"line":68,"column":21},"end":{"line":68,"column":37}},"28":{"start":{"line":70,"column":8},"end":{"line":72,"column":9}},"29":{"start":{"line":71,"column":10},"end":{"line":71,"column":70}},"30":{"start":{"line":74,"column":8},"end":{"line":74,"column":72}},"31":{"start":{"line":75,"column":8},"end":{"line":75,"column":49}},"32":{"start":{"line":77,"column":8},"end":{"line":77,"column":39}}},"fnMap":{"0":{"name":"(anonymous_0)","decl":{"start":{"line":1,"column":46},"end":{"line":1,"column":47}},"loc":{"start":{"line":1,"column":52},"end":{"line":80,"column":3}},"line":1},"1":{"name":"(anonymous_1)","decl":{"start":{"line":11,"column":26},"end":{"line":11,"column":27}},"loc":{"start":{"line":11,"column":35},"end":{"line":17,"column":5}},"line":11},"2":{"name":"(anonymous_2)","decl":{"start":{"line":12,"column":39},"end":{"line":12,"column":40}},"loc":{"start":{"line":12,"column":45},"end":{"line":16,"column":7}},"line":12},"3":{"name":"(anonymous_3)","decl":{"start":{"line":20,"column":42},"end":{"line":20,"column":43}},"loc":{"start":{"line":20,"column":55},"end":{"line":48,"column":5}},"line":20},"4":{"name":"(anonymous_4)","decl":{"start":{"line":51,"column":41},"end":{"line":51,"column":42}},"loc":{"start":{"line":51,"column":54},"end":{"line":79,"column":5}},"line":51}},"branchMap":{"0":{"loc":{"start":{"line":14,"column":35},"end":{"line":14,"column":75}},"type":"cond-expr","locations":[{"start":{"line":14,"column":59},"end":{"line":14,"column":66}},{"start":{"line":14,"column":69},"end":{"line":14,"column":75}}],"line":14},"1":{"loc":{"start":{"line":15,"column":34},"end":{"line":15,"column":73}},"type":"cond-expr","locations":[{"start":{"line":15,"column":57},"end":{"line":15,"column":64}},{"start":{"line":15,"column":67},"end":{"line":15,"column":73}}],"line":15},"2":{"loc":{"start":{"line":39,"column":8},"end":{"line":41,"column":9}},"type":"if","locations":[{"start":{"line":39,"column":8},"end":{"line":41,"column":9}},{"start":{},"end":{}}],"line":39},"3":{"loc":{"start":{"line":40,"column":26},"end":{"line":40,"column":69}},"type":"binary-expr","locations":[{"start":{"line":40,"column":26},"end":{"line":40,"column":36}},{"start":{"line":40,"column":40},"end":{"line":40,"column":69}}],"line":40},"4":{"loc":{"start":{"line":70,"column":8},"end":{"line":72,"column":9}},"type":"if","locations":[{"start":{"line":70,"column":8},"end":{"line":72,"column":9}},{"start":{},"end":{}}],"line":70},"5":{"loc":{"start":{"line":71,"column":26},"end":{"line":71,"column":68}},"type":"binary-expr","locations":[{"start":{"line":71,"column":26},"end":{"line":71,"column":36}},{"start":{"line":71,"column":40},"end":{"line":71,"column":68}}],"line":71}},"s":{"0":6,"1":21,"2":21,"3":21,"4":21,"5":21,"6":21,"7":42,"8":14,"9":14,"10":14,"11":21,"12":8,"13":8,"14":8,"15":8,"16":8,"17":8,"18":5,"19":3,"20":3,"21":5,"22":21,"23":10,"24":10,"25":10,"26":10,"27":10,"28":10,"29":6,"30":4,"31":4,"32":6},"f":{"0":21,"1":42,"2":14,"3":8,"4":10},"b":{"0":[2,12],"1":[12,2],"2":[5,3],"3":[5,0],"4":[6,4],"5":[6,0]},"_coverageSchema":"1a1c01bbd47fc00a2c39e90264f33305004495a9","hash":"db3e03350d002a55ee0c0f79ef4a8abdd4fbc623"}
}
