TN:
SF:login.js
FN:1,(anonymous_0)
FN:7,(anonymous_1)
FN:8,(anonymous_2)
FN:20,(anonymous_3)
FN:50,(anonymous_4)
FNF:5
FNH:5
FNDA:7,(anonymous_0)
FNDA:14,(anonymous_1)
FNDA:2,(anonymous_2)
FNDA:3,(anonymous_3)
FNDA:3,(anonymous_4)
DA:1,1
DA:2,7
DA:3,7
DA:4,7
DA:7,7
DA:8,14
DA:9,2
DA:10,1
DA:11,1
DA:13,1
DA:14,1
DA:20,7
DA:21,3
DA:22,3
DA:23,3
DA:25,3
DA:26,3
DA:32,2
DA:33,2
DA:34,1
DA:35,1
DA:36,1
DA:37,1
DA:39,1
DA:40,1
DA:42,1
DA:45,1
DA:50,7
DA:51,3
DA:52,3
DA:53,3
DA:55,3
DA:56,3
DA:62,2
DA:63,2
DA:64,1
DA:65,1
DA:66,1
DA:67,1
DA:68,1
DA:70,1
DA:71,1
DA:73,1
DA:76,1
LF:44
LH:44
BRDA:9,0,0,1
BRDA:9,0,1,1
BRDA:33,1,0,1
BRDA:33,1,1,1
BRDA:42,2,0,1
BRDA:42,2,1,0
BRDA:63,3,0,1
BRDA:63,3,1,1
BRDA:73,4,0,1
BRDA:73,4,1,0
BRF:10
BRH:8
end_of_record
TN:
SF:register.js
FN:1,(anonymous_0)
FN:11,(anonymous_1)
FN:12,(anonymous_2)
FN:20,(anonymous_3)
FN:51,(anonymous_4)
FNF:5
FNH:5
FNDA:21,(anonymous_0)
FNDA:42,(anonymous_1)
FNDA:14,(anonymous_2)
FNDA:8,(anonymous_3)
FNDA:10,(anonymous_4)
DA:1,6
DA:2,21
DA:3,21
DA:4,21
DA:7,21
DA:8,21
DA:11,21
DA:12,42
DA:13,14
DA:14,14
DA:15,14
DA:20,21
DA:21,8
DA:23,8
DA:30,8
DA:31,8
DA:37,8
DA:39,8
DA:40,5
DA:43,3
DA:44,3
DA:46,5
DA:51,21
DA:52,10
DA:54,10
DA:61,10
DA:62,10
DA:68,10
DA:70,10
DA:71,6
DA:74,4
DA:75,4
DA:77,6
LF:33
LH:33
BRDA:14,0,0,2
BRDA:14,0,1,12
BRDA:15,1,0,12
BRDA:15,1,1,2
BRDA:39,2,0,5
BRDA:39,2,1,3
BRDA:40,3,0,5
BRDA:40,3,1,0
BRDA:70,4,0,6
BRDA:70,4,1,4
BRDA:71,5,0,6
BRDA:71,5,1,0
BRF:12
BRH:10
end_of_record
