{"/Users/academy/Desktop/project-sharewise/sharewise-api/controllers/donation.js": {"path":"/Users/academy/Desktop/project-sharewise/sharewise-api/controllers/donation.js","statementMap":{"0":{"start":{"line":1,"column":17},"end":{"line":1,"column":46}},"1":{"start":{"line":3,"column":23},"end":{"line":16,"column":1}},"2":{"start":{"line":4,"column":2},"end":{"line":15,"column":3}},"3":{"start":{"line":5,"column":17},"end":{"line":5,"column":25}},"4":{"start":{"line":7,"column":24},"end":{"line":7,"column":59}},"5":{"start":{"line":9,"column":4},"end":{"line":12,"column":7}},"6":{"start":{"line":14,"column":4},"end":{"line":14,"column":49}},"7":{"start":{"line":18,"column":24},"end":{"line":28,"column":1}},"8":{"start":{"line":19,"column":2},"end":{"line":27,"column":3}},"9":{"start":{"line":20,"column":22},"end":{"line":20,"column":45}},"10":{"start":{"line":21,"column":4},"end":{"line":24,"column":7}},"11":{"start":{"line":26,"column":4},"end":{"line":26,"column":49}},"12":{"start":{"line":30,"column":24},"end":{"line":40,"column":1}},"13":{"start":{"line":31,"column":2},"end":{"line":39,"column":3}},"14":{"start":{"line":32,"column":21},"end":{"line":32,"column":58}},"15":{"start":{"line":33,"column":4},"end":{"line":36,"column":7}},"16":{"start":{"line":38,"column":4},"end":{"line":38,"column":49}},"17":{"start":{"line":42,"column":29},"end":{"line":52,"column":1}},"18":{"start":{"line":43,"column":2},"end":{"line":51,"column":3}},"19":{"start":{"line":44,"column":22},"end":{"line":44,"column":69}},"20":{"start":{"line":45,"column":4},"end":{"line":48,"column":7}},"21":{"start":{"line":50,"column":4},"end":{"line":50,"column":49}},"22":{"start":{"line":54,"column":23},"end":{"line":64,"column":1}},"23":{"start":{"line":55,"column":2},"end":{"line":63,"column":3}},"24":{"start":{"line":56,"column":28},"end":{"line":56,"column":68}},"25":{"start":{"line":57,"column":4},"end":{"line":60,"column":7}},"26":{"start":{"line":62,"column":4},"end":{"line":62,"column":49}},"27":{"start":{"line":66,"column":0},"end":{"line":72,"column":2}}},"fnMap":{"0":{"name":"(anonymous_0)","decl":{"start":{"line":3,"column":23},"end":{"line":3,"column":24}},"loc":{"start":{"line":3,"column":43},"end":{"line":16,"column":1}},"line":3},"1":{"name":"(anonymous_1)","decl":{"start":{"line":18,"column":24},"end":{"line":18,"column":25}},"loc":{"start":{"line":18,"column":44},"end":{"line":28,"column":1}},"line":18},"2":{"name":"(anonymous_2)","decl":{"start":{"line":30,"column":24},"end":{"line":30,"column":25}},"loc":{"start":{"line":30,"column":44},"end":{"line":40,"column":1}},"line":30},"3":{"name":"(anonymous_3)","decl":{"start":{"line":42,"column":29},"end":{"line":42,"column":30}},"loc":{"start":{"line":42,"column":49},"end":{"line":52,"column":1}},"line":42},"4":{"name":"(anonymous_4)","decl":{"start":{"line":54,"column":23},"end":{"line":54,"column":24}},"loc":{"start":{"line":54,"column":43},"end":{"line":64,"column":1}},"line":54}},"branchMap":{},"s":{"0":1,"1":1,"2":2,"3":2,"4":2,"5":1,"6":1,"7":1,"8":2,"9":2,"10":1,"11":1,"12":1,"13":2,"14":2,"15":1,"16":1,"17":1,"18":2,"19":2,"20":1,"21":1,"22":1,"23":2,"24":2,"25":1,"26":1,"27":1},"f":{"0":2,"1":2,"2":2,"3":2,"4":2},"b":{},"_coverageSchema":"1a1c01bbd47fc00a2c39e90264f33305004495a9","hash":"3fd8af64e43370edce6542c9a93f5ce31044a631"}
,"/Users/academy/Desktop/project-sharewise/sharewise-api/controllers/notifications.js": {"path":"/Users/academy/Desktop/project-sharewise/sharewise-api/controllers/notifications.js","statementMap":{"0":{"start":{"line":1,"column":21},"end":{"line":1,"column":54}},"1":{"start":{"line":3,"column":31},"end":{"line":13,"column":1}},"2":{"start":{"line":4,"column":2},"end":{"line":12,"column":3}},"3":{"start":{"line":5,"column":21},"end":{"line":5,"column":39}},"4":{"start":{"line":6,"column":4},"end":{"line":6,"column":64}},"5":{"start":{"line":7,"column":26},"end":{"line":7,"column":80}},"6":{"start":{"line":8,"column":4},"end":{"line":8,"column":28}},"7":{"start":{"line":10,"column":4},"end":{"line":10,"column":76}},"8":{"start":{"line":11,"column":4},"end":{"line":11,"column":68}},"9":{"start":{"line":15,"column":31},"end":{"line":23,"column":1}},"10":{"start":{"line":16,"column":2},"end":{"line":22,"column":3}},"11":{"start":{"line":17,"column":19},"end":{"line":17,"column":29}},"12":{"start":{"line":18,"column":4},"end":{"line":18,"column":37}},"13":{"start":{"line":19,"column":4},"end":{"line":19,"column":56}},"14":{"start":{"line":21,"column":4},"end":{"line":21,"column":68}},"15":{"start":{"line":25,"column":31},"end":{"line":33,"column":1}},"16":{"start":{"line":26,"column":2},"end":{"line":32,"column":3}},"17":{"start":{"line":27,"column":27},"end":{"line":27,"column":40}},"18":{"start":{"line":28,"column":20},"end":{"line":28,"column":65}},"19":{"start":{"line":29,"column":4},"end":{"line":29,"column":52}},"20":{"start":{"line":31,"column":4},"end":{"line":31,"column":48}},"21":{"start":{"line":35,"column":0},"end":{"line":39,"column":2}}},"fnMap":{"0":{"name":"(anonymous_0)","decl":{"start":{"line":3,"column":31},"end":{"line":3,"column":32}},"loc":{"start":{"line":3,"column":51},"end":{"line":13,"column":1}},"line":3},"1":{"name":"(anonymous_1)","decl":{"start":{"line":15,"column":31},"end":{"line":15,"column":32}},"loc":{"start":{"line":15,"column":51},"end":{"line":23,"column":1}},"line":15},"2":{"name":"(anonymous_2)","decl":{"start":{"line":25,"column":31},"end":{"line":25,"column":32}},"loc":{"start":{"line":25,"column":51},"end":{"line":33,"column":1}},"line":25}},"branchMap":{"0":{"loc":{"start":{"line":10,"column":27},"end":{"line":10,"column":73}},"type":"binary-expr","locations":[{"start":{"line":10,"column":27},"end":{"line":10,"column":38}},{"start":{"line":10,"column":42},"end":{"line":10,"column":73}}],"line":10}},"s":{"0":1,"1":1,"2":2,"3":2,"4":2,"5":2,"6":1,"7":1,"8":1,"9":1,"10":2,"11":2,"12":2,"13":1,"14":1,"15":1,"16":2,"17":2,"18":2,"19":1,"20":1,"21":1},"f":{"0":2,"1":2,"2":2},"b":{"0":[1,0]},"_coverageSchema":"1a1c01bbd47fc00a2c39e90264f33305004495a9","hash":"b3d7575a1ad65471d315540dc3193f52de36ef11"}
,"/Users/academy/Desktop/project-sharewise/sharewise-api/controllers/request.js": {"path":"/Users/academy/Desktop/project-sharewise/sharewise-api/controllers/request.js","statementMap":{"0":{"start":{"line":1,"column":16},"end":{"line":1,"column":44}},"1":{"start":{"line":3,"column":23},"end":{"line":10,"column":1}},"2":{"start":{"line":4,"column":2},"end":{"line":9,"column":3}},"3":{"start":{"line":5,"column":21},"end":{"line":5,"column":43}},"4":{"start":{"line":6,"column":4},"end":{"line":6,"column":53}},"5":{"start":{"line":8,"column":4},"end":{"line":8,"column":48}},"6":{"start":{"line":12,"column":23},"end":{"line":20,"column":1}},"7":{"start":{"line":13,"column":2},"end":{"line":19,"column":3}},"8":{"start":{"line":14,"column":15},"end":{"line":14,"column":38}},"9":{"start":{"line":15,"column":20},"end":{"line":15,"column":45}},"10":{"start":{"line":16,"column":4},"end":{"line":16,"column":52}},"11":{"start":{"line":18,"column":4},"end":{"line":18,"column":48}},"12":{"start":{"line":23,"column":19},"end":{"line":23,"column":48}},"13":{"start":{"line":24,"column":2},"end":{"line":29,"column":3}},"14":{"start":{"line":25,"column":21},"end":{"line":25,"column":58}},"15":{"start":{"line":26,"column":4},"end":{"line":26,"column":39}},"16":{"start":{"line":28,"column":4},"end":{"line":28,"column":49}},"17":{"start":{"line":32,"column":25},"end":{"line":41,"column":1}},"18":{"start":{"line":33,"column":2},"end":{"line":40,"column":3}},"19":{"start":{"line":34,"column":21},"end":{"line":34,"column":39}},"20":{"start":{"line":35,"column":17},"end":{"line":35,"column":25}},"21":{"start":{"line":36,"column":23},"end":{"line":36,"column":66}},"22":{"start":{"line":37,"column":4},"end":{"line":37,"column":64}},"23":{"start":{"line":39,"column":4},"end":{"line":39,"column":48}},"24":{"start":{"line":43,"column":22},"end":{"line":51,"column":1}},"25":{"start":{"line":44,"column":2},"end":{"line":50,"column":3}},"26":{"start":{"line":45,"column":15},"end":{"line":45,"column":38}},"27":{"start":{"line":46,"column":20},"end":{"line":46,"column":48}},"28":{"start":{"line":47,"column":4},"end":{"line":47,"column":52}},"29":{"start":{"line":49,"column":4},"end":{"line":49,"column":48}},"30":{"start":{"line":53,"column":28},"end":{"line":62,"column":1}},"31":{"start":{"line":54,"column":2},"end":{"line":61,"column":3}},"32":{"start":{"line":55,"column":15},"end":{"line":55,"column":38}},"33":{"start":{"line":56,"column":23},"end":{"line":56,"column":31}},"34":{"start":{"line":57,"column":20},"end":{"line":57,"column":58}},"35":{"start":{"line":58,"column":4},"end":{"line":58,"column":52}},"36":{"start":{"line":60,"column":4},"end":{"line":60,"column":48}},"37":{"start":{"line":64,"column":0},"end":{"line":71,"column":1}}},"fnMap":{"0":{"name":"(anonymous_0)","decl":{"start":{"line":3,"column":23},"end":{"line":3,"column":24}},"loc":{"start":{"line":3,"column":43},"end":{"line":10,"column":1}},"line":3},"1":{"name":"(anonymous_1)","decl":{"start":{"line":12,"column":23},"end":{"line":12,"column":24}},"loc":{"start":{"line":12,"column":43},"end":{"line":20,"column":1}},"line":12},"2":{"name":"getRequestsBySchoolId","decl":{"start":{"line":22,"column":15},"end":{"line":22,"column":36}},"loc":{"start":{"line":22,"column":47},"end":{"line":30,"column":1}},"line":22},"3":{"name":"(anonymous_3)","decl":{"start":{"line":32,"column":25},"end":{"line":32,"column":26}},"loc":{"start":{"line":32,"column":45},"end":{"line":41,"column":1}},"line":32},"4":{"name":"(anonymous_4)","decl":{"start":{"line":43,"column":22},"end":{"line":43,"column":23}},"loc":{"start":{"line":43,"column":42},"end":{"line":51,"column":1}},"line":43},"5":{"name":"(anonymous_5)","decl":{"start":{"line":53,"column":28},"end":{"line":53,"column":29}},"loc":{"start":{"line":53,"column":48},"end":{"line":62,"column":1}},"line":53}},"branchMap":{},"s":{"0":1,"1":1,"2":2,"3":2,"4":1,"5":1,"6":1,"7":2,"8":2,"9":2,"10":1,"11":1,"12":2,"13":2,"14":2,"15":1,"16":1,"17":1,"18":2,"19":2,"20":2,"21":2,"22":1,"23":1,"24":1,"25":2,"26":2,"27":2,"28":1,"29":1,"30":1,"31":0,"32":0,"33":0,"34":0,"35":0,"36":0,"37":1},"f":{"0":2,"1":2,"2":2,"3":2,"4":2,"5":0},"b":{},"_coverageSchema":"1a1c01bbd47fc00a2c39e90264f33305004495a9","hash":"a5c657c56fe14f51f9317a087e72115ad984dac1"}
,"/Users/academy/Desktop/project-sharewise/sharewise-api/controllers/user_controllers.js": {"path":"/Users/academy/Desktop/project-sharewise/sharewise-api/controllers/user_controllers.js","statementMap":{"0":{"start":{"line":1,"column":15},"end":{"line":1,"column":32}},"1":{"start":{"line":2,"column":11},"end":{"line":2,"column":34}},"2":{"start":{"line":4,"column":13},"end":{"line":4,"column":45}},"3":{"start":{"line":7,"column":4},"end":{"line":15,"column":5}},"4":{"start":{"line":8,"column":19},"end":{"line":8,"column":27}},"5":{"start":{"line":9,"column":19},"end":{"line":9,"column":81}},"6":{"start":{"line":10,"column":6},"end":{"line":10,"column":64}},"7":{"start":{"line":11,"column":21},"end":{"line":11,"column":50}},"8":{"start":{"line":12,"column":6},"end":{"line":12,"column":35}},"9":{"start":{"line":14,"column":6},"end":{"line":14,"column":51}},"10":{"start":{"line":19,"column":4},"end":{"line":27,"column":5}},"11":{"start":{"line":20,"column":19},"end":{"line":20,"column":27}},"12":{"start":{"line":21,"column":19},"end":{"line":21,"column":81}},"13":{"start":{"line":22,"column":6},"end":{"line":22,"column":64}},"14":{"start":{"line":23,"column":21},"end":{"line":23,"column":49}},"15":{"start":{"line":24,"column":6},"end":{"line":24,"column":35}},"16":{"start":{"line":26,"column":6},"end":{"line":26,"column":51}},"17":{"start":{"line":32,"column":17},"end":{"line":32,"column":25}},"18":{"start":{"line":33,"column":4},"end":{"line":63,"column":5}},"19":{"start":{"line":34,"column":21},"end":{"line":34,"column":72}},"20":{"start":{"line":35,"column":8},"end":{"line":35,"column":69}},"21":{"start":{"line":35,"column":21},"end":{"line":35,"column":68}},"22":{"start":{"line":36,"column":22},"end":{"line":36,"column":72}},"23":{"start":{"line":38,"column":8},"end":{"line":60,"column":9}},"24":{"start":{"line":40,"column":28},"end":{"line":43,"column":13}},"25":{"start":{"line":45,"column":30},"end":{"line":56,"column":13}},"26":{"start":{"line":46,"column":16},"end":{"line":48,"column":17}},"27":{"start":{"line":47,"column":20},"end":{"line":47,"column":64}},"28":{"start":{"line":48,"column":18},"end":{"line":55,"column":18}},"29":{"start":{"line":57,"column":12},"end":{"line":57,"column":87}},"30":{"start":{"line":59,"column":12},"end":{"line":59,"column":65}},"31":{"start":{"line":62,"column":8},"end":{"line":62,"column":52}},"32":{"start":{"line":68,"column":17},"end":{"line":68,"column":25}},"33":{"start":{"line":69,"column":4},"end":{"line":99,"column":5}},"34":{"start":{"line":70,"column":21},"end":{"line":70,"column":70}},"35":{"start":{"line":71,"column":8},"end":{"line":71,"column":68}},"36":{"start":{"line":71,"column":21},"end":{"line":71,"column":67}},"37":{"start":{"line":72,"column":22},"end":{"line":72,"column":72}},"38":{"start":{"line":74,"column":8},"end":{"line":96,"column":9}},"39":{"start":{"line":76,"column":28},"end":{"line":79,"column":13}},"40":{"start":{"line":81,"column":30},"end":{"line":92,"column":13}},"41":{"start":{"line":82,"column":16},"end":{"line":84,"column":17}},"42":{"start":{"line":83,"column":20},"end":{"line":83,"column":64}},"43":{"start":{"line":84,"column":18},"end":{"line":91,"column":18}},"44":{"start":{"line":93,"column":12},"end":{"line":93,"column":87}},"45":{"start":{"line":95,"column":12},"end":{"line":95,"column":64}},"46":{"start":{"line":98,"column":8},"end":{"line":98,"column":52}},"47":{"start":{"line":104,"column":0},"end":{"line":106,"column":1}}},"fnMap":{"0":{"name":"schoolregister","decl":{"start":{"line":6,"column":15},"end":{"line":6,"column":29}},"loc":{"start":{"line":6,"column":40},"end":{"line":16,"column":1}},"line":6},"1":{"name":"donorregister","decl":{"start":{"line":18,"column":15},"end":{"line":18,"column":28}},"loc":{"start":{"line":18,"column":39},"end":{"line":28,"column":1}},"line":18},"2":{"name":"schoollogin","decl":{"start":{"line":31,"column":15},"end":{"line":31,"column":26}},"loc":{"start":{"line":31,"column":38},"end":{"line":65,"column":1}},"line":31},"3":{"name":"(anonymous_3)","decl":{"start":{"line":45,"column":30},"end":{"line":45,"column":31}},"loc":{"start":{"line":45,"column":46},"end":{"line":56,"column":13}},"line":45},"4":{"name":"donorlogin","decl":{"start":{"line":67,"column":15},"end":{"line":67,"column":25}},"loc":{"start":{"line":67,"column":37},"end":{"line":101,"column":1}},"line":67},"5":{"name":"(anonymous_5)","decl":{"start":{"line":81,"column":30},"end":{"line":81,"column":31}},"loc":{"start":{"line":81,"column":46},"end":{"line":92,"column":13}},"line":81}},"branchMap":{"0":{"loc":{"start":{"line":35,"column":8},"end":{"line":35,"column":69}},"type":"if","locations":[{"start":{"line":35,"column":8},"end":{"line":35,"column":69}},{"start":{},"end":{}}],"line":35},"1":{"loc":{"start":{"line":38,"column":8},"end":{"line":60,"column":9}},"type":"if","locations":[{"start":{"line":38,"column":8},"end":{"line":60,"column":9}},{"start":{"line":58,"column":15},"end":{"line":60,"column":9}}],"line":38},"2":{"loc":{"start":{"line":46,"column":16},"end":{"line":48,"column":17}},"type":"if","locations":[{"start":{"line":46,"column":16},"end":{"line":48,"column":17}},{"start":{},"end":{}}],"line":46},"3":{"loc":{"start":{"line":71,"column":8},"end":{"line":71,"column":68}},"type":"if","locations":[{"start":{"line":71,"column":8},"end":{"line":71,"column":68}},{"start":{},"end":{}}],"line":71},"4":{"loc":{"start":{"line":74,"column":8},"end":{"line":96,"column":9}},"type":"if","locations":[{"start":{"line":74,"column":8},"end":{"line":96,"column":9}},{"start":{"line":94,"column":15},"end":{"line":96,"column":9}}],"line":74},"5":{"loc":{"start":{"line":82,"column":16},"end":{"line":84,"column":17}},"type":"if","locations":[{"start":{"line":82,"column":16},"end":{"line":84,"column":17}},{"start":{},"end":{}}],"line":82}},"s":{"0":1,"1":1,"2":1,"3":2,"4":2,"5":2,"6":1,"7":1,"8":1,"9":1,"10":2,"11":2,"12":2,"13":2,"14":2,"15":1,"16":1,"17":4,"18":4,"19":4,"20":4,"21":1,"22":3,"23":3,"24":2,"25":2,"26":2,"27":1,"28":1,"29":2,"30":1,"31":3,"32":4,"33":4,"34":4,"35":4,"36":1,"37":3,"38":3,"39":2,"40":2,"41":2,"42":1,"43":1,"44":2,"45":1,"46":3,"47":1},"f":{"0":2,"1":2,"2":4,"3":2,"4":4,"5":2},"b":{"0":[1,3],"1":[2,1],"2":[1,1],"3":[1,3],"4":[2,1],"5":[1,1]},"_coverageSchema":"1a1c01bbd47fc00a2c39e90264f33305004495a9","hash":"ec8344bf16831b85dc3abb52594f56c918f2a64d"}
,"/Users/academy/Desktop/project-sharewise/sharewise-api/database/db.js": {"path":"/Users/academy/Desktop/project-sharewise/sharewise-api/database/db.js","statementMap":{"0":{"start":{"line":1,"column":14},"end":{"line":1,"column":27}},"1":{"start":{"line":3,"column":11},"end":{"line":5,"column":2}},"2":{"start":{"line":7,"column":0},"end":{"line":7,"column":19}}},"fnMap":{},"branchMap":{},"s":{"0":8,"1":8,"2":8},"f":{},"b":{},"_coverageSchema":"1a1c01bbd47fc00a2c39e90264f33305004495a9","hash":"7f0dda95f39dbbd98bd2ed2cd1bb76efef907a57"}
,"/Users/academy/Desktop/project-sharewise/sharewise-api/models/Donation.js": {"path":"/Users/academy/Desktop/project-sharewise/sharewise-api/models/Donation.js","statementMap":{"0":{"start":{"line":1,"column":11},"end":{"line":1,"column":36}},"1":{"start":{"line":12,"column":4},"end":{"line":12,"column":34}},"2":{"start":{"line":13,"column":4},"end":{"line":13,"column":28}},"3":{"start":{"line":14,"column":4},"end":{"line":14,"column":32}},"4":{"start":{"line":15,"column":4},"end":{"line":15,"column":29}},"5":{"start":{"line":16,"column":4},"end":{"line":16,"column":30}},"6":{"start":{"line":17,"column":4},"end":{"line":17,"column":40}},"7":{"start":{"line":21,"column":21},"end":{"line":21,"column":61}},"8":{"start":{"line":22,"column":4},"end":{"line":24,"column":5}},"9":{"start":{"line":23,"column":6},"end":{"line":23,"column":40}},"10":{"start":{"line":25,"column":4},"end":{"line":25,"column":57}},"11":{"start":{"line":25,"column":38},"end":{"line":25,"column":55}},"12":{"start":{"line":29,"column":58},"end":{"line":29,"column":62}},"13":{"start":{"line":31,"column":24},"end":{"line":31,"column":46}},"14":{"start":{"line":33,"column":21},"end":{"line":37,"column":5}},"15":{"start":{"line":39,"column":4},"end":{"line":41,"column":5}},"16":{"start":{"line":40,"column":6},"end":{"line":40,"column":51}},"17":{"start":{"line":43,"column":4},"end":{"line":43,"column":42}},"18":{"start":{"line":47,"column":21},"end":{"line":50,"column":5}},"19":{"start":{"line":51,"column":4},"end":{"line":53,"column":5}},"20":{"start":{"line":52,"column":6},"end":{"line":52,"column":40}},"21":{"start":{"line":54,"column":4},"end":{"line":54,"column":42}},"22":{"start":{"line":59,"column":18},"end":{"line":75,"column":26}},"23":{"start":{"line":76,"column":21},"end":{"line":76,"column":53}},"24":{"start":{"line":77,"column":4},"end":{"line":79,"column":5}},"25":{"start":{"line":78,"column":6},"end":{"line":78,"column":55}},"26":{"start":{"line":80,"column":4},"end":{"line":92,"column":8}},"27":{"start":{"line":80,"column":38},"end":{"line":92,"column":5}},"28":{"start":{"line":96,"column":21},"end":{"line":99,"column":5}},"29":{"start":{"line":100,"column":4},"end":{"line":102,"column":5}},"30":{"start":{"line":101,"column":6},"end":{"line":101,"column":59}},"31":{"start":{"line":103,"column":4},"end":{"line":103,"column":42}},"32":{"start":{"line":107,"column":0},"end":{"line":107,"column":25}}},"fnMap":{"0":{"name":"(anonymous_0)","decl":{"start":{"line":4,"column":2},"end":{"line":4,"column":3}},"loc":{"start":{"line":11,"column":5},"end":{"line":18,"column":3}},"line":11},"1":{"name":"(anonymous_1)","decl":{"start":{"line":20,"column":2},"end":{"line":20,"column":3}},"loc":{"start":{"line":20,"column":24},"end":{"line":26,"column":3}},"line":20},"2":{"name":"(anonymous_2)","decl":{"start":{"line":25,"column":29},"end":{"line":25,"column":30}},"loc":{"start":{"line":25,"column":38},"end":{"line":25,"column":55}},"line":25},"3":{"name":"(anonymous_3)","decl":{"start":{"line":28,"column":2},"end":{"line":28,"column":3}},"loc":{"start":{"line":28,"column":36},"end":{"line":44,"column":3}},"line":28},"4":{"name":"(anonymous_4)","decl":{"start":{"line":46,"column":2},"end":{"line":46,"column":3}},"loc":{"start":{"line":46,"column":27},"end":{"line":55,"column":3}},"line":46},"5":{"name":"(anonymous_5)","decl":{"start":{"line":57,"column":2},"end":{"line":57,"column":3}},"loc":{"start":{"line":57,"column":37},"end":{"line":93,"column":3}},"line":57},"6":{"name":"(anonymous_6)","decl":{"start":{"line":80,"column":29},"end":{"line":80,"column":30}},"loc":{"start":{"line":80,"column":38},"end":{"line":92,"column":5}},"line":80},"7":{"name":"(anonymous_7)","decl":{"start":{"line":95,"column":2},"end":{"line":95,"column":3}},"loc":{"start":{"line":95,"column":30},"end":{"line":104,"column":3}},"line":95}},"branchMap":{"0":{"loc":{"start":{"line":22,"column":4},"end":{"line":24,"column":5}},"type":"if","locations":[{"start":{"line":22,"column":4},"end":{"line":24,"column":5}},{"start":{},"end":{}}],"line":22},"1":{"loc":{"start":{"line":39,"column":4},"end":{"line":41,"column":5}},"type":"if","locations":[{"start":{"line":39,"column":4},"end":{"line":41,"column":5}},{"start":{},"end":{}}],"line":39},"2":{"loc":{"start":{"line":51,"column":4},"end":{"line":53,"column":5}},"type":"if","locations":[{"start":{"line":51,"column":4},"end":{"line":53,"column":5}},{"start":{},"end":{}}],"line":51},"3":{"loc":{"start":{"line":77,"column":4},"end":{"line":79,"column":5}},"type":"if","locations":[{"start":{"line":77,"column":4},"end":{"line":79,"column":5}},{"start":{},"end":{}}],"line":77},"4":{"loc":{"start":{"line":100,"column":4},"end":{"line":102,"column":5}},"type":"if","locations":[{"start":{"line":100,"column":4},"end":{"line":102,"column":5}},{"start":{},"end":{}}],"line":100}},"s":{"0":2,"1":5,"2":5,"3":5,"4":5,"5":5,"6":5,"7":2,"8":2,"9":1,"10":1,"11":2,"12":2,"13":2,"14":2,"15":2,"16":1,"17":1,"18":2,"19":2,"20":1,"21":1,"22":2,"23":2,"24":2,"25":1,"26":1,"27":1,"28":2,"29":2,"30":1,"31":1,"32":2},"f":{"0":5,"1":2,"2":2,"3":2,"4":2,"5":2,"6":1,"7":2},"b":{"0":[1,1],"1":[1,1],"2":[1,1],"3":[1,1],"4":[1,1]},"_coverageSchema":"1a1c01bbd47fc00a2c39e90264f33305004495a9","hash":"177f38314fa3798e1eb194a8d67cd3384ecccad2"}
,"/Users/academy/Desktop/project-sharewise/sharewise-api/models/Notification.js": {"path":"/Users/academy/Desktop/project-sharewise/sharewise-api/models/Notification.js","statementMap":{"0":{"start":{"line":1,"column":11},"end":{"line":1,"column":36}},"1":{"start":{"line":5,"column":4},"end":{"line":5,"column":29}},"2":{"start":{"line":6,"column":4},"end":{"line":6,"column":29}},"3":{"start":{"line":7,"column":4},"end":{"line":7,"column":31}},"4":{"start":{"line":8,"column":4},"end":{"line":8,"column":26}},"5":{"start":{"line":9,"column":4},"end":{"line":9,"column":25}},"6":{"start":{"line":10,"column":4},"end":{"line":10,"column":31}},"7":{"start":{"line":11,"column":4},"end":{"line":11,"column":29}},"8":{"start":{"line":12,"column":4},"end":{"line":12,"column":28}},"9":{"start":{"line":13,"column":4},"end":{"line":13,"column":39}},"10":{"start":{"line":14,"column":4},"end":{"line":14,"column":31}},"11":{"start":{"line":18,"column":21},"end":{"line":18,"column":161}},"12":{"start":{"line":20,"column":4},"end":{"line":22,"column":7}},"13":{"start":{"line":21,"column":8},"end":{"line":21,"column":48}},"14":{"start":{"line":24,"column":4},"end":{"line":24,"column":45}},"15":{"start":{"line":28,"column":21},"end":{"line":45,"column":49}},"16":{"start":{"line":49,"column":4},"end":{"line":49,"column":54}},"17":{"start":{"line":49,"column":34},"end":{"line":49,"column":53}},"18":{"start":{"line":53,"column":4},"end":{"line":53,"column":106}},"19":{"start":{"line":57,"column":21},"end":{"line":57,"column":109}},"20":{"start":{"line":59,"column":4},"end":{"line":61,"column":5}},"21":{"start":{"line":60,"column":6},"end":{"line":60,"column":62}},"22":{"start":{"line":62,"column":4},"end":{"line":62,"column":45}},"23":{"start":{"line":66,"column":0},"end":{"line":66,"column":30}}},"fnMap":{"0":{"name":"(anonymous_0)","decl":{"start":{"line":4,"column":2},"end":{"line":4,"column":3}},"loc":{"start":{"line":4,"column":137},"end":{"line":15,"column":3}},"line":4},"1":{"name":"(anonymous_1)","decl":{"start":{"line":17,"column":2},"end":{"line":17,"column":3}},"loc":{"start":{"line":17,"column":62},"end":{"line":25,"column":3}},"line":17},"2":{"name":"(anonymous_2)","decl":{"start":{"line":27,"column":2},"end":{"line":27,"column":3}},"loc":{"start":{"line":27,"column":51},"end":{"line":50,"column":3}},"line":27},"3":{"name":"(anonymous_3)","decl":{"start":{"line":49,"column":29},"end":{"line":49,"column":30}},"loc":{"start":{"line":49,"column":34},"end":{"line":49,"column":53}},"line":49},"4":{"name":"(anonymous_4)","decl":{"start":{"line":52,"column":2},"end":{"line":52,"column":3}},"loc":{"start":{"line":52,"column":42},"end":{"line":54,"column":3}},"line":52},"5":{"name":"(anonymous_5)","decl":{"start":{"line":56,"column":2},"end":{"line":56,"column":3}},"loc":{"start":{"line":56,"column":29},"end":{"line":63,"column":3}},"line":56}},"branchMap":{"0":{"loc":{"start":{"line":20,"column":4},"end":{"line":22,"column":7}},"type":"if","locations":[{"start":{"line":20,"column":4},"end":{"line":22,"column":7}},{"start":{},"end":{}}],"line":20},"1":{"loc":{"start":{"line":59,"column":4},"end":{"line":61,"column":5}},"type":"if","locations":[{"start":{"line":59,"column":4},"end":{"line":61,"column":5}},{"start":{},"end":{}}],"line":59}},"s":{"0":2,"1":3,"2":3,"3":3,"4":3,"5":3,"6":3,"7":3,"8":3,"9":3,"10":3,"11":2,"12":2,"13":1,"14":1,"15":2,"16":2,"17":1,"18":1,"19":2,"20":2,"21":1,"22":1,"23":2},"f":{"0":3,"1":2,"2":2,"3":1,"4":1,"5":2},"b":{"0":[1,1],"1":[1,1]},"_coverageSchema":"1a1c01bbd47fc00a2c39e90264f33305004495a9","hash":"88905f62814c8c6cacc1a4f6c50f50c17aaa131c"}
,"/Users/academy/Desktop/project-sharewise/sharewise-api/models/Request.js": {"path":"/Users/academy/Desktop/project-sharewise/sharewise-api/models/Request.js","statementMap":{"0":{"start":{"line":1,"column":11},"end":{"line":1,"column":36}},"1":{"start":{"line":15,"column":4},"end":{"line":15,"column":31}},"2":{"start":{"line":16,"column":4},"end":{"line":16,"column":29}},"3":{"start":{"line":17,"column":4},"end":{"line":17,"column":29}},"4":{"start":{"line":18,"column":4},"end":{"line":18,"column":39}},"5":{"start":{"line":19,"column":4},"end":{"line":19,"column":28}},"6":{"start":{"line":20,"column":4},"end":{"line":20,"column":47}},"7":{"start":{"line":21,"column":4},"end":{"line":21,"column":35}},"8":{"start":{"line":22,"column":4},"end":{"line":22,"column":33}},"9":{"start":{"line":23,"column":4},"end":{"line":23,"column":39}},"10":{"start":{"line":27,"column":21},"end":{"line":29,"column":5}},"11":{"start":{"line":30,"column":4},"end":{"line":32,"column":5}},"12":{"start":{"line":31,"column":6},"end":{"line":31,"column":39}},"13":{"start":{"line":33,"column":4},"end":{"line":33,"column":52}},"14":{"start":{"line":33,"column":36},"end":{"line":33,"column":50}},"15":{"start":{"line":37,"column":21},"end":{"line":40,"column":5}},"16":{"start":{"line":41,"column":4},"end":{"line":41,"column":54}},"17":{"start":{"line":41,"column":36},"end":{"line":41,"column":52}},"18":{"start":{"line":45,"column":16},"end":{"line":48,"column":5}},"19":{"start":{"line":50,"column":4},"end":{"line":52,"column":5}},"20":{"start":{"line":51,"column":6},"end":{"line":51,"column":42}},"21":{"start":{"line":54,"column":20},"end":{"line":54,"column":31}},"22":{"start":{"line":55,"column":25},"end":{"line":55,"column":72}},"23":{"start":{"line":57,"column":20},"end":{"line":57,"column":29}},"24":{"start":{"line":58,"column":4},"end":{"line":62,"column":5}},"25":{"start":{"line":59,"column":6},"end":{"line":59,"column":29}},"26":{"start":{"line":60,"column":11},"end":{"line":62,"column":5}},"27":{"start":{"line":61,"column":6},"end":{"line":61,"column":39}},"28":{"start":{"line":64,"column":4},"end":{"line":67,"column":6}},"29":{"start":{"line":69,"column":4},"end":{"line":69,"column":64}},"30":{"start":{"line":74,"column":35},"end":{"line":74,"column":39}},"31":{"start":{"line":76,"column":21},"end":{"line":76,"column":155}},"32":{"start":{"line":78,"column":4},"end":{"line":80,"column":5}},"33":{"start":{"line":79,"column":6},"end":{"line":79,"column":45}},"34":{"start":{"line":82,"column":4},"end":{"line":82,"column":40}},"35":{"start":{"line":86,"column":21},"end":{"line":86,"column":99}},"36":{"start":{"line":88,"column":4},"end":{"line":90,"column":5}},"37":{"start":{"line":89,"column":6},"end":{"line":89,"column":57}},"38":{"start":{"line":91,"column":4},"end":{"line":91,"column":40}},"39":{"start":{"line":95,"column":21},"end":{"line":95,"column":126}},"40":{"start":{"line":97,"column":4},"end":{"line":99,"column":5}},"41":{"start":{"line":98,"column":6},"end":{"line":98,"column":60}},"42":{"start":{"line":101,"column":4},"end":{"line":101,"column":40}},"43":{"start":{"line":105,"column":0},"end":{"line":105,"column":24}}},"fnMap":{"0":{"name":"(anonymous_0)","decl":{"start":{"line":4,"column":2},"end":{"line":4,"column":3}},"loc":{"start":{"line":14,"column":5},"end":{"line":24,"column":3}},"line":14},"1":{"name":"(anonymous_1)","decl":{"start":{"line":26,"column":2},"end":{"line":26,"column":3}},"loc":{"start":{"line":26,"column":24},"end":{"line":34,"column":3}},"line":26},"2":{"name":"(anonymous_2)","decl":{"start":{"line":33,"column":29},"end":{"line":33,"column":30}},"loc":{"start":{"line":33,"column":36},"end":{"line":33,"column":50}},"line":33},"3":{"name":"(anonymous_3)","decl":{"start":{"line":36,"column":2},"end":{"line":36,"column":3}},"loc":{"start":{"line":36,"column":39},"end":{"line":42,"column":3}},"line":36},"4":{"name":"(anonymous_4)","decl":{"start":{"line":41,"column":29},"end":{"line":41,"column":30}},"loc":{"start":{"line":41,"column":36},"end":{"line":41,"column":52}},"line":41},"5":{"name":"(anonymous_5)","decl":{"start":{"line":44,"column":2},"end":{"line":44,"column":3}},"loc":{"start":{"line":44,"column":64},"end":{"line":70,"column":3}},"line":44},"6":{"name":"(anonymous_6)","decl":{"start":{"line":73,"column":2},"end":{"line":73,"column":3}},"loc":{"start":{"line":73,"column":45},"end":{"line":83,"column":3}},"line":73},"7":{"name":"(anonymous_7)","decl":{"start":{"line":85,"column":2},"end":{"line":85,"column":3}},"loc":{"start":{"line":85,"column":30},"end":{"line":92,"column":3}},"line":85},"8":{"name":"(anonymous_8)","decl":{"start":{"line":94,"column":2},"end":{"line":94,"column":3}},"loc":{"start":{"line":94,"column":33},"end":{"line":102,"column":3}},"line":94}},"branchMap":{"0":{"loc":{"start":{"line":30,"column":4},"end":{"line":32,"column":5}},"type":"if","locations":[{"start":{"line":30,"column":4},"end":{"line":32,"column":5}},{"start":{},"end":{}}],"line":30},"1":{"loc":{"start":{"line":50,"column":4},"end":{"line":52,"column":5}},"type":"if","locations":[{"start":{"line":50,"column":4},"end":{"line":52,"column":5}},{"start":{},"end":{}}],"line":50},"2":{"loc":{"start":{"line":55,"column":26},"end":{"line":55,"column":57}},"type":"binary-expr","locations":[{"start":{"line":55,"column":26},"end":{"line":55,"column":52}},{"start":{"line":55,"column":56},"end":{"line":55,"column":57}}],"line":55},"3":{"loc":{"start":{"line":58,"column":4},"end":{"line":62,"column":5}},"type":"if","locations":[{"start":{"line":58,"column":4},"end":{"line":62,"column":5}},{"start":{"line":60,"column":11},"end":{"line":62,"column":5}}],"line":58},"4":{"loc":{"start":{"line":60,"column":11},"end":{"line":62,"column":5}},"type":"if","locations":[{"start":{"line":60,"column":11},"end":{"line":62,"column":5}},{"start":{},"end":{}}],"line":60},"5":{"loc":{"start":{"line":78,"column":4},"end":{"line":80,"column":5}},"type":"if","locations":[{"start":{"line":78,"column":4},"end":{"line":80,"column":5}},{"start":{},"end":{}}],"line":78},"6":{"loc":{"start":{"line":88,"column":4},"end":{"line":90,"column":5}},"type":"if","locations":[{"start":{"line":88,"column":4},"end":{"line":90,"column":5}},{"start":{},"end":{}}],"line":88},"7":{"loc":{"start":{"line":97,"column":4},"end":{"line":99,"column":5}},"type":"if","locations":[{"start":{"line":97,"column":4},"end":{"line":99,"column":5}},{"start":{},"end":{}}],"line":97}},"s":{"0":2,"1":7,"2":7,"3":7,"4":7,"5":7,"6":7,"7":7,"8":7,"9":7,"10":2,"11":2,"12":1,"13":1,"14":1,"15":1,"16":1,"17":1,"18":4,"19":4,"20":1,"21":3,"22":3,"23":3,"24":3,"25":1,"26":2,"27":1,"28":3,"29":3,"30":2,"31":2,"32":2,"33":1,"34":1,"35":2,"36":2,"37":1,"38":1,"39":2,"40":2,"41":1,"42":1,"43":2},"f":{"0":7,"1":2,"2":1,"3":1,"4":1,"5":4,"6":2,"7":2,"8":2},"b":{"0":[1,1],"1":[1,3],"2":[3,1],"3":[1,2],"4":[1,1],"5":[1,1],"6":[1,1],"7":[1,1]},"_coverageSchema":"1a1c01bbd47fc00a2c39e90264f33305004495a9","hash":"c6cf25317fe6b278d49165152e5584bb20b33e4d"}
,"/Users/academy/Desktop/project-sharewise/sharewise-api/models/user_models.js": {"path":"/Users/academy/Desktop/project-sharewise/sharewise-api/models/user_models.js","statementMap":{"0":{"start":{"line":1,"column":11},"end":{"line":1,"column":39}},"1":{"start":{"line":6,"column":4},"end":{"line":6,"column":31}},"2":{"start":{"line":7,"column":4},"end":{"line":7,"column":29}},"3":{"start":{"line":8,"column":4},"end":{"line":8,"column":33}},"4":{"start":{"line":9,"column":4},"end":{"line":9,"column":35}},"5":{"start":{"line":10,"column":4},"end":{"line":10,"column":41}},"6":{"start":{"line":11,"column":4},"end":{"line":11,"column":39}},"7":{"start":{"line":12,"column":4},"end":{"line":12,"column":23}},"8":{"start":{"line":13,"column":4},"end":{"line":13,"column":29}},"9":{"start":{"line":16,"column":28},"end":{"line":22,"column":3}},"10":{"start":{"line":17,"column":21},"end":{"line":17,"column":87}},"11":{"start":{"line":18,"column":4},"end":{"line":20,"column":5}},"12":{"start":{"line":19,"column":8},"end":{"line":19,"column":46}},"13":{"start":{"line":21,"column":4},"end":{"line":21,"column":37}},"14":{"start":{"line":24,"column":34},"end":{"line":30,"column":3}},"15":{"start":{"line":25,"column":21},"end":{"line":25,"column":95}},"16":{"start":{"line":26,"column":4},"end":{"line":28,"column":5}},"17":{"start":{"line":27,"column":8},"end":{"line":27,"column":50}},"18":{"start":{"line":29,"column":4},"end":{"line":29,"column":37}},"19":{"start":{"line":32,"column":27},"end":{"line":38,"column":3}},"20":{"start":{"line":33,"column":21},"end":{"line":33,"column":85}},"21":{"start":{"line":34,"column":4},"end":{"line":36,"column":5}},"22":{"start":{"line":35,"column":8},"end":{"line":35,"column":45}},"23":{"start":{"line":37,"column":4},"end":{"line":37,"column":37}},"24":{"start":{"line":40,"column":33},"end":{"line":46,"column":3}},"25":{"start":{"line":41,"column":21},"end":{"line":41,"column":93}},"26":{"start":{"line":42,"column":4},"end":{"line":44,"column":5}},"27":{"start":{"line":43,"column":8},"end":{"line":43,"column":49}},"28":{"start":{"line":45,"column":4},"end":{"line":45,"column":37}},"29":{"start":{"line":49,"column":21},"end":{"line":49,"column":102}},"30":{"start":{"line":50,"column":4},"end":{"line":52,"column":5}},"31":{"start":{"line":51,"column":6},"end":{"line":51,"column":53}},"32":{"start":{"line":54,"column":61},"end":{"line":54,"column":65}},"33":{"start":{"line":55,"column":21},"end":{"line":58,"column":5}},"34":{"start":{"line":59,"column":4},"end":{"line":59,"column":38}},"35":{"start":{"line":63,"column":21},"end":{"line":63,"column":99}},"36":{"start":{"line":64,"column":4},"end":{"line":66,"column":5}},"37":{"start":{"line":65,"column":6},"end":{"line":65,"column":52}},"38":{"start":{"line":68,"column":59},"end":{"line":68,"column":63}},"39":{"start":{"line":69,"column":21},"end":{"line":72,"column":5}},"40":{"start":{"line":73,"column":4},"end":{"line":73,"column":38}},"41":{"start":{"line":78,"column":0},"end":{"line":78,"column":22}}},"fnMap":{"0":{"name":"(anonymous_0)","decl":{"start":{"line":5,"column":2},"end":{"line":5,"column":3}},"loc":{"start":{"line":5,"column":111},"end":{"line":14,"column":3}},"line":5},"1":{"name":"(anonymous_1)","decl":{"start":{"line":16,"column":28},"end":{"line":16,"column":29}},"loc":{"start":{"line":16,"column":42},"end":{"line":22,"column":3}},"line":16},"2":{"name":"(anonymous_2)","decl":{"start":{"line":24,"column":34},"end":{"line":24,"column":35}},"loc":{"start":{"line":24,"column":54},"end":{"line":30,"column":3}},"line":24},"3":{"name":"(anonymous_3)","decl":{"start":{"line":32,"column":27},"end":{"line":32,"column":28}},"loc":{"start":{"line":32,"column":41},"end":{"line":38,"column":3}},"line":32},"4":{"name":"(anonymous_4)","decl":{"start":{"line":40,"column":33},"end":{"line":40,"column":34}},"loc":{"start":{"line":40,"column":53},"end":{"line":46,"column":3}},"line":40},"5":{"name":"(anonymous_5)","decl":{"start":{"line":48,"column":2},"end":{"line":48,"column":3}},"loc":{"start":{"line":48,"column":34},"end":{"line":60,"column":3}},"line":48},"6":{"name":"(anonymous_6)","decl":{"start":{"line":62,"column":2},"end":{"line":62,"column":3}},"loc":{"start":{"line":62,"column":33},"end":{"line":74,"column":3}},"line":62}},"branchMap":{"0":{"loc":{"start":{"line":18,"column":4},"end":{"line":20,"column":5}},"type":"if","locations":[{"start":{"line":18,"column":4},"end":{"line":20,"column":5}},{"start":{},"end":{}}],"line":18},"1":{"loc":{"start":{"line":26,"column":4},"end":{"line":28,"column":5}},"type":"if","locations":[{"start":{"line":26,"column":4},"end":{"line":28,"column":5}},{"start":{},"end":{}}],"line":26},"2":{"loc":{"start":{"line":34,"column":4},"end":{"line":36,"column":5}},"type":"if","locations":[{"start":{"line":34,"column":4},"end":{"line":36,"column":5}},{"start":{},"end":{}}],"line":34},"3":{"loc":{"start":{"line":42,"column":4},"end":{"line":44,"column":5}},"type":"if","locations":[{"start":{"line":42,"column":4},"end":{"line":44,"column":5}},{"start":{},"end":{}}],"line":42},"4":{"loc":{"start":{"line":50,"column":4},"end":{"line":52,"column":5}},"type":"if","locations":[{"start":{"line":50,"column":4},"end":{"line":52,"column":5}},{"start":{},"end":{}}],"line":50},"5":{"loc":{"start":{"line":64,"column":4},"end":{"line":66,"column":5}},"type":"if","locations":[{"start":{"line":64,"column":4},"end":{"line":66,"column":5}},{"start":{},"end":{}}],"line":64}},"s":{"0":2,"1":6,"2":6,"3":6,"4":6,"5":6,"6":6,"7":6,"8":6,"9":2,"10":2,"11":2,"12":1,"13":1,"14":2,"15":1,"16":1,"17":0,"18":1,"19":2,"20":2,"21":2,"22":1,"23":1,"24":2,"25":1,"26":1,"27":0,"28":1,"29":2,"30":2,"31":1,"32":1,"33":1,"34":1,"35":2,"36":2,"37":1,"38":1,"39":1,"40":1,"41":2},"f":{"0":6,"1":2,"2":1,"3":2,"4":1,"5":2,"6":2},"b":{"0":[1,1],"1":[0,1],"2":[1,1],"3":[0,1],"4":[1,1],"5":[1,1]},"_coverageSchema":"1a1c01bbd47fc00a2c39e90264f33305004495a9","hash":"be2960be2a979d203a38fd6177c2c61f329b29c0"}
}
