TN:
SF:controllers/donation.js
FN:3,(anonymous_0)
FN:18,(anonymous_1)
FN:30,(anonymous_2)
FN:42,(anonymous_3)
FN:54,(anonymous_4)
FNF:5
FNH:5
FNDA:2,(anonymous_0)
FNDA:2,(anonymous_1)
FNDA:2,(anonymous_2)
FNDA:2,(anonymous_3)
FNDA:2,(anonymous_4)
DA:1,1
DA:3,1
DA:4,2
DA:5,2
DA:7,2
DA:9,1
DA:14,1
DA:18,1
DA:19,2
DA:20,2
DA:21,1
DA:26,1
DA:30,1
DA:31,2
DA:32,2
DA:33,1
DA:38,1
DA:42,1
DA:43,2
DA:44,2
DA:45,1
DA:50,1
DA:54,1
DA:55,2
DA:56,2
DA:57,1
DA:62,1
DA:66,1
LF:28
LH:28
BRF:0
BRH:0
end_of_record
TN:
SF:controllers/notifications.js
FN:3,(anonymous_0)
FN:15,(anonymous_1)
FN:25,(anonymous_2)
FNF:3
FNH:3
FNDA:2,(anonymous_0)
FNDA:2,(anonymous_1)
FNDA:2,(anonymous_2)
DA:1,1
DA:3,1
DA:4,2
DA:5,2
DA:6,2
DA:7,2
DA:8,1
DA:10,1
DA:11,1
DA:15,1
DA:16,2
DA:17,2
DA:18,2
DA:19,1
DA:21,1
DA:25,1
DA:26,2
DA:27,2
DA:28,2
DA:29,1
DA:31,1
DA:35,1
LF:22
LH:22
BRDA:10,0,0,1
BRDA:10,0,1,0
BRF:2
BRH:1
end_of_record
TN:
SF:controllers/request.js
FN:3,(anonymous_0)
FN:12,(anonymous_1)
FN:22,getRequestsBySchoolId
FN:32,(anonymous_3)
FN:43,(anonymous_4)
FN:53,(anonymous_5)
FNF:6
FNH:5
FNDA:2,(anonymous_0)
FNDA:2,(anonymous_1)
FNDA:2,getRequestsBySchoolId
FNDA:2,(anonymous_3)
FNDA:2,(anonymous_4)
FNDA:0,(anonymous_5)
DA:1,1
DA:3,1
DA:4,2
DA:5,2
DA:6,1
DA:8,1
DA:12,1
DA:13,2
DA:14,2
DA:15,2
DA:16,1
DA:18,1
DA:23,2
DA:24,2
DA:25,2
DA:26,1
DA:28,1
DA:32,1
DA:33,2
DA:34,2
DA:35,2
DA:36,2
DA:37,1
DA:39,1
DA:43,1
DA:44,2
DA:45,2
DA:46,2
DA:47,1
DA:49,1
DA:53,1
DA:54,0
DA:55,0
DA:56,0
DA:57,0
DA:58,0
DA:60,0
DA:64,1
LF:38
LH:32
BRF:0
BRH:0
end_of_record
TN:
SF:controllers/user_controllers.js
FN:6,schoolregister
FN:18,donorregister
FN:31,schoollogin
FN:45,(anonymous_3)
FN:67,donorlogin
FN:81,(anonymous_5)
FNF:6
FNH:6
FNDA:2,schoolregister
FNDA:2,donorregister
FNDA:4,schoollogin
FNDA:2,(anonymous_3)
FNDA:4,donorlogin
FNDA:2,(anonymous_5)
DA:1,1
DA:2,1
DA:4,1
DA:7,2
DA:8,2
DA:9,2
DA:10,1
DA:11,1
DA:12,1
DA:14,1
DA:19,2
DA:20,2
DA:21,2
DA:22,2
DA:23,2
DA:24,1
DA:26,1
DA:32,4
DA:33,4
DA:34,4
DA:35,4
DA:36,3
DA:38,3
DA:40,2
DA:45,2
DA:46,2
DA:47,1
DA:48,1
DA:57,2
DA:59,1
DA:62,3
DA:68,4
DA:69,4
DA:70,4
DA:71,4
DA:72,3
DA:74,3
DA:76,2
DA:81,2
DA:82,2
DA:83,1
DA:84,1
DA:93,2
DA:95,1
DA:98,3
DA:104,1
LF:46
LH:46
BRDA:35,0,0,1
BRDA:35,0,1,3
BRDA:38,1,0,2
BRDA:38,1,1,1
BRDA:46,2,0,1
BRDA:46,2,1,1
BRDA:71,3,0,1
BRDA:71,3,1,3
BRDA:74,4,0,2
BRDA:74,4,1,1
BRDA:82,5,0,1
BRDA:82,5,1,1
BRF:12
BRH:12
end_of_record
TN:
SF:database/db.js
FNF:0
FNH:0
DA:1,8
DA:3,8
DA:7,8
LF:3
LH:3
BRF:0
BRH:0
end_of_record
TN:
SF:models/Donation.js
FN:4,(anonymous_0)
FN:20,(anonymous_1)
FN:25,(anonymous_2)
FN:28,(anonymous_3)
FN:46,(anonymous_4)
FN:57,(anonymous_5)
FN:80,(anonymous_6)
FN:95,(anonymous_7)
FNF:8
FNH:8
FNDA:5,(anonymous_0)
FNDA:2,(anonymous_1)
FNDA:2,(anonymous_2)
FNDA:2,(anonymous_3)
FNDA:2,(anonymous_4)
FNDA:2,(anonymous_5)
FNDA:1,(anonymous_6)
FNDA:2,(anonymous_7)
DA:1,2
DA:12,5
DA:13,5
DA:14,5
DA:15,5
DA:16,5
DA:17,5
DA:21,2
DA:22,2
DA:23,1
DA:25,2
DA:29,2
DA:31,2
DA:33,2
DA:39,2
DA:40,1
DA:43,1
DA:47,2
DA:51,2
DA:52,1
DA:54,1
DA:59,2
DA:76,2
DA:77,2
DA:78,1
DA:80,1
DA:96,2
DA:100,2
DA:101,1
DA:103,1
DA:107,2
LF:31
LH:31
BRDA:22,0,0,1
BRDA:22,0,1,1
BRDA:39,1,0,1
BRDA:39,1,1,1
BRDA:51,2,0,1
BRDA:51,2,1,1
BRDA:77,3,0,1
BRDA:77,3,1,1
BRDA:100,4,0,1
BRDA:100,4,1,1
BRF:10
BRH:10
end_of_record
TN:
SF:models/Notification.js
FN:4,(anonymous_0)
FN:17,(anonymous_1)
FN:27,(anonymous_2)
FN:49,(anonymous_3)
FN:52,(anonymous_4)
FN:56,(anonymous_5)
FNF:6
FNH:6
FNDA:3,(anonymous_0)
FNDA:2,(anonymous_1)
FNDA:2,(anonymous_2)
FNDA:1,(anonymous_3)
FNDA:1,(anonymous_4)
FNDA:2,(anonymous_5)
DA:1,2
DA:5,3
DA:6,3
DA:7,3
DA:8,3
DA:9,3
DA:10,3
DA:11,3
DA:12,3
DA:13,3
DA:14,3
DA:18,2
DA:20,2
DA:21,1
DA:24,1
DA:28,2
DA:49,2
DA:53,1
DA:57,2
DA:59,2
DA:60,1
DA:62,1
DA:66,2
LF:23
LH:23
BRDA:20,0,0,1
BRDA:20,0,1,1
BRDA:59,1,0,1
BRDA:59,1,1,1
BRF:4
BRH:4
end_of_record
TN:
SF:models/Request.js
FN:4,(anonymous_0)
FN:26,(anonymous_1)
FN:33,(anonymous_2)
FN:36,(anonymous_3)
FN:41,(anonymous_4)
FN:44,(anonymous_5)
FN:73,(anonymous_6)
FN:85,(anonymous_7)
FN:94,(anonymous_8)
FNF:9
FNH:9
FNDA:7,(anonymous_0)
FNDA:2,(anonymous_1)
FNDA:1,(anonymous_2)
FNDA:1,(anonymous_3)
FNDA:1,(anonymous_4)
FNDA:4,(anonymous_5)
FNDA:2,(anonymous_6)
FNDA:2,(anonymous_7)
FNDA:2,(anonymous_8)
DA:1,2
DA:15,7
DA:16,7
DA:17,7
DA:18,7
DA:19,7
DA:20,7
DA:21,7
DA:22,7
DA:23,7
DA:27,2
DA:30,2
DA:31,1
DA:33,1
DA:37,1
DA:41,1
DA:45,4
DA:50,4
DA:51,1
DA:54,3
DA:55,3
DA:57,3
DA:58,3
DA:59,1
DA:60,2
DA:61,1
DA:64,3
DA:69,3
DA:74,2
DA:76,2
DA:78,2
DA:79,1
DA:82,1
DA:86,2
DA:88,2
DA:89,1
DA:91,1
DA:95,2
DA:97,2
DA:98,1
DA:101,1
DA:105,2
LF:42
LH:42
BRDA:30,0,0,1
BRDA:30,0,1,1
BRDA:50,1,0,1
BRDA:50,1,1,3
BRDA:55,2,0,3
BRDA:55,2,1,1
BRDA:58,3,0,1
BRDA:58,3,1,2
BRDA:60,4,0,1
BRDA:60,4,1,1
BRDA:78,5,0,1
BRDA:78,5,1,1
BRDA:88,6,0,1
BRDA:88,6,1,1
BRDA:97,7,0,1
BRDA:97,7,1,1
BRF:16
BRH:16
end_of_record
TN:
SF:models/user_models.js
FN:5,(anonymous_0)
FN:16,(anonymous_1)
FN:24,(anonymous_2)
FN:32,(anonymous_3)
FN:40,(anonymous_4)
FN:48,(anonymous_5)
FN:62,(anonymous_6)
FNF:7
FNH:7
FNDA:6,(anonymous_0)
FNDA:2,(anonymous_1)
FNDA:1,(anonymous_2)
FNDA:2,(anonymous_3)
FNDA:1,(anonymous_4)
FNDA:2,(anonymous_5)
FNDA:2,(anonymous_6)
DA:1,2
DA:6,6
DA:7,6
DA:8,6
DA:9,6
DA:10,6
DA:11,6
DA:12,6
DA:13,6
DA:16,2
DA:17,2
DA:18,2
DA:19,1
DA:21,1
DA:24,2
DA:25,1
DA:26,1
DA:27,0
DA:29,1
DA:32,2
DA:33,2
DA:34,2
DA:35,1
DA:37,1
DA:40,2
DA:41,1
DA:42,1
DA:43,0
DA:45,1
DA:49,2
DA:50,2
DA:51,1
DA:54,1
DA:55,1
DA:59,1
DA:63,2
DA:64,2
DA:65,1
DA:68,1
DA:69,1
DA:73,1
DA:78,2
LF:42
LH:40
BRDA:18,0,0,1
BRDA:18,0,1,1
BRDA:26,1,0,0
BRDA:26,1,1,1
BRDA:34,2,0,1
BRDA:34,2,1,1
BRDA:42,3,0,0
BRDA:42,3,1,1
BRDA:50,4,0,1
BRDA:50,4,1,1
BRDA:64,5,0,1
BRDA:64,5,1,1
BRF:12
BRH:10
end_of_record
